#
# There is insufficient memory for the Java Runtime Environment to continue.
# Native memory allocation (mmap) failed to map 268435456 bytes for Failed to commit area from 0x0000000701c00000 to 0x0000000711c00000 of length 268435456.
# Possible reasons:
#   The system is out of physical RAM or swap space
#   The process is running with CompressedOops enabled, and the Java Heap may be blocking the growth of the native heap
# Possible solutions:
#   Reduce memory load on the system
#   Increase physical memory or swap space
#   Check if swap backing store is full
#   Decrease Java heap size (-Xmx/-Xms)
#   Decrease number of Java threads
#   Decrease Java thread stack sizes (-Xss)
#   Set larger code cache with -XX:ReservedCodeCacheSize=
# This output file may be truncated or incomplete.
#
#  Out of Memory Error (./src/hotspot/os/windows/os_windows.cpp:3301), pid=12008, tid=10476
#
# JRE version:  (11.0.11+9) (build )
# Java VM: OpenJDK 64-Bit Server VM (11.0.11+9-b60-7590822, mixed mode, sharing, tiered, compressed oops, g1 gc, windows-amd64)
# No core dump will be written. Minidumps are not enabled by default on client versions of Windows
#

---------------  S U M M A R Y ------------

Command Line: org.jetbrains.kotlin.cli.jvm.K2JVMCompiler @C:\Users\alanb\AndroidStudioProjects\BlocodeNotas\app\build\20220504_1579928758962038253.compiler.options

Host: Intel(R) Core(TM) i5-3230M CPU @ 2.60GHz, 4 cores, 15G,  Windows 10 , 64 bit Build 19041 (10.0.19041.1645)
Time: Wed May  4 13:57:35 2022 Hora oficial do Brasil elapsed time: 0.012837 seconds (0d 0h 0m 0s)

---------------  T H R E A D  ---------------

Current thread (0x0000019dc95ca000):  JavaThread "Unknown thread" [_thread_in_vm, id=10476, stack(0x0000001100600000,0x0000001100700000)]

Stack: [0x0000001100600000,0x0000001100700000]
Native frames: (J=compiled Java code, j=interpreted, Vv=VM code, C=native code)
V  [jvm.dll+0x5f214a]
V  [jvm.dll+0x726fb5]
V  [jvm.dll+0x7285cd]
V  [jvm.dll+0x728c83]
V  [jvm.dll+0x243278]
V  [jvm.dll+0x5ef544]
V  [jvm.dll+0x5e4495]
V  [jvm.dll+0x2fec5b]
V  [jvm.dll+0x2febca]
V  [jvm.dll+0x2feaa2]
V  [jvm.dll+0x303986]
V  [jvm.dll+0x34c3a3]
V  [jvm.dll+0x34caa6]
V  [jvm.dll+0x34c4a3]
V  [jvm.dll+0x2d9688]
V  [jvm.dll+0x2da837]
V  [jvm.dll+0x705ba7]
V  [jvm.dll+0x70739c]
V  [jvm.dll+0x3598f9]
V  [jvm.dll+0x6e931e]
V  [jvm.dll+0x3c1c43]
V  [jvm.dll+0x3c3e81]
C  [jli.dll+0x5373]
C  [ucrtbase.dll+0x21bb2]
C  [KERNEL32.DLL+0x17034]
C  [ntdll.dll+0x52651]


---------------  P R O C E S S  ---------------

Threads class SMR info:
_java_thread_list=0x0000019dc7c930b0, length=0, elements={
}

Java Threads: ( => current thread )

Other Threads:
  0x0000019dc95e2000 GCTaskThread "GC Thread#0" [stack: 0x0000001100700000,0x0000001100800000] [id=7080]
  0x0000019dc963f800 ConcurrentGCThread "G1 Main Marker" [stack: 0x0000001100800000,0x0000001100900000] [id=10312]
  0x0000019dc9642000 ConcurrentGCThread "G1 Conc#0" [stack: 0x0000001100900000,0x0000001100a00000] [id=10400]

[error occurred during error reporting (printing all threads), id 0xc0000005, EXCEPTION_ACCESS_VIOLATION (0xc0000005) at pc=0x00007ffd76ab9c47]

VM state:not at safepoint (not fully initialized)

VM Mutex/Monitor currently owned by a thread:  ([mutex/lock_event])
[0x0000019dc95c56b0] Heap_lock - owner thread: 0x0000019dc95ca000

Heap address: 0x0000000701c00000, size: 4068 MB, Compressed Oops mode: Non-zero based: 0x0000000701c00000
Narrow klass base: 0x0000000000000000, Narrow klass shift: 0

GC Heap History (0 events):
No events

Deoptimization events (0 events):
No events

Classes redefined (0 events):
No events

Internal exceptions (0 events):
No events

Events (1 events):
Event: 0.008 Loaded shared library C:\Program Files\Android\Android Studio\jre\bin\zip.dll


Dynamic libraries:
0x00007ff701a90000 - 0x00007ff701a9a000 	C:\Program Files\Android\Android Studio\jre\bin\java.exe
0x00007ffda77b0000 - 0x00007ffda79a5000 	C:\WINDOWS\SYSTEM32\ntdll.dll
0x00007ffda5820000 - 0x00007ffda58de000 	C:\WINDOWS\System32\KERNEL32.DLL
0x00007ffda53b0000 - 0x00007ffda5678000 	C:\WINDOWS\System32\KERNELBASE.dll
0x00007ffda4fa0000 - 0x00007ffda50a0000 	C:\WINDOWS\System32\ucrtbase.dll
0x00007ffd91470000 - 0x00007ffd91489000 	C:\Program Files\Android\Android Studio\jre\bin\jli.dll
0x00007ffd905b0000 - 0x00007ffd905c7000 	C:\Program Files\Android\Android Studio\jre\bin\VCRUNTIME140.dll
0x00007ffda6ab0000 - 0x00007ffda6c50000 	C:\WINDOWS\System32\USER32.dll
0x00007ffd9c050000 - 0x00007ffd9c2ea000 	C:\WINDOWS\WinSxS\amd64_microsoft.windows.common-controls_6595b64144ccf1df_6.0.19041.1110_none_60b5254171f9507e\COMCTL32.dll
0x00007ffda56d0000 - 0x00007ffda56f2000 	C:\WINDOWS\System32\win32u.dll
0x00007ffda6280000 - 0x00007ffda62aa000 	C:\WINDOWS\System32\GDI32.dll
0x00007ffda5b00000 - 0x00007ffda5b9e000 	C:\WINDOWS\System32\msvcrt.dll
0x00007ffda5700000 - 0x00007ffda580b000 	C:\WINDOWS\System32\gdi32full.dll
0x00007ffda4f00000 - 0x00007ffda4f9d000 	C:\WINDOWS\System32\msvcp_win.dll
0x00007ffda7030000 - 0x00007ffda7060000 	C:\WINDOWS\System32\IMM32.DLL
0x00007ffd75690000 - 0x00007ffd7572d000 	C:\Program Files\Android\Android Studio\jre\bin\msvcp140.dll
0x00007ffd767d0000 - 0x00007ffd772a5000 	C:\Program Files\Android\Android Studio\jre\bin\server\jvm.dll
0x00007ffda5c90000 - 0x00007ffda5d3e000 	C:\WINDOWS\System32\ADVAPI32.dll
0x00007ffda5940000 - 0x00007ffda59dc000 	C:\WINDOWS\System32\sechost.dll
0x00007ffda6e10000 - 0x00007ffda6f35000 	C:\WINDOWS\System32\RPCRT4.dll
0x00007ffda5c80000 - 0x00007ffda5c88000 	C:\WINDOWS\System32\PSAPI.DLL
0x00007ffd9cef0000 - 0x00007ffd9cf17000 	C:\WINDOWS\SYSTEM32\WINMM.dll
0x00007ffda2770000 - 0x00007ffda2779000 	C:\WINDOWS\SYSTEM32\WSOCK32.dll
0x00007ffd95c50000 - 0x00007ffd95c5a000 	C:\WINDOWS\SYSTEM32\VERSION.dll
0x00007ffda7060000 - 0x00007ffda70cb000 	C:\WINDOWS\System32\ws2_32.DLL
0x00007ffda2df0000 - 0x00007ffda2e02000 	C:\WINDOWS\SYSTEM32\kernel.appcore.dll
0x00007ffd9b1f0000 - 0x00007ffd9b201000 	C:\Program Files\Android\Android Studio\jre\bin\verify.dll
0x00007ffd92d50000 - 0x00007ffd92f34000 	C:\WINDOWS\SYSTEM32\DBGHELP.DLL
0x00007ffd93000000 - 0x00007ffd9302c000 	C:\WINDOWS\SYSTEM32\dbgcore.DLL
0x00007ffda50a0000 - 0x00007ffda5122000 	C:\WINDOWS\System32\bcryptPrimitives.dll
0x00007ffd9b130000 - 0x00007ffd9b159000 	C:\Program Files\Android\Android Studio\jre\bin\java.dll
0x00007ffd9db30000 - 0x00007ffd9db3b000 	C:\Program Files\Android\Android Studio\jre\bin\jimage.dll
0x00007ffd9b110000 - 0x00007ffd9b128000 	C:\Program Files\Android\Android Studio\jre\bin\zip.dll

dbghelp: loaded successfully - version: 4.0.5 - missing functions: none
symbol engine: initialized successfully - sym options: 0x614 - pdb path: .;C:\Program Files\Android\Android Studio\jre\bin;C:\WINDOWS\SYSTEM32;C:\WINDOWS\WinSxS\amd64_microsoft.windows.common-controls_6595b64144ccf1df_6.0.19041.1110_none_60b5254171f9507e;C:\Program Files\Android\Android Studio\jre\bin\server

VM Arguments:
java_command: org.jetbrains.kotlin.cli.jvm.K2JVMCompiler @C:\Users\alanb\AndroidStudioProjects\BlocodeNotas\app\build\20220504_1579928758962038253.compiler.options
java_class_path (initial): C:\Users\alanb\.gradle\caches\modules-2\files-2.1\org.jetbrains.kotlin\kotlin-compiler-embeddable\1.6.10\88f2073f4020cdb83132cfe940ceb9a60aba54ea\kotlin-compiler-embeddable-1.6.10.jar;C:\Users\alanb\.gradle\caches\modules-2\files-2.1\org.jetbrains.kotlin\kotlin-reflect\1.6.10\1cbe9c92c12a94eea200d23c2bbaedaf3daf5132\kotlin-reflect-1.6.10.jar;C:\Users\alanb\.gradle\caches\modules-2\files-2.1\org.jetbrains.kotlin\kotlin-stdlib\1.6.10\b8af3fe6f1ca88526914929add63cf5e7c5049af\kotlin-stdlib-1.6.10.jar;C:\Users\alanb\.gradle\caches\modules-2\files-2.1\org.jetbrains.kotlin\kotlin-script-runtime\1.6.10\d0a7ff2e2500ef497ed0214ae40ad3c8387a6164\kotlin-script-runtime-1.6.10.jar;C:\Users\alanb\.gradle\caches\modules-2\files-2.1\org.jetbrains.kotlin\kotlin-daemon-embeddable\1.6.10\a56d79bcbea411fa6058e4ecffc2de73e742bd2a\kotlin-daemon-embeddable-1.6.10.jar;C:\Users\alanb\.gradle\caches\modules-2\files-2.1\org.jetbrains.intellij.deps\trove4j\1.0.20181211\216c2e14b070f334479d800987affe4054cd563f\trove4j-1.0.20181211.jar;C:\Users\alanb\.gradle\caches\modules-2\files-2.1\net.java.dev.jna\jna\5.6.0\330f2244e9030119ab3030fc3fededc86713d9cc\jna-5.6.0.jar;C:\Users\alanb\.gradle\caches\modules-2\files-2.1\org.jetbrains\annotations\13.0\919f0dfe192fb4e063e7dacadee7f8bb9a2672a9\annotations-13.0.jar;C:\Users\alanb\.gradle\caches\modules-2\files-2.1\org.jetbrains.kotlin\kotlin-stdlib-common\1.6.10\c118700e3a33c8a0d9adc920e9dec0831171925\kotlin-stdlib-common-1.6.10.jar
Launcher Type: SUN_STANDARD

[Global flags]
     intx CICompilerCount                          = 3                                         {product} {ergonomic}
     uint ConcGCThreads                            = 1                                         {product} {ergonomic}
     uint G1ConcRefinementThreads                  = 4                                         {product} {ergonomic}
   size_t G1HeapRegionSize                         = 1048576                                   {product} {ergonomic}
    uintx GCDrainStackTargetSize                   = 64                                        {product} {ergonomic}
   size_t InitialHeapSize                          = 268435456                                 {product} {ergonomic}
   size_t MarkStackSize                            = 4194304                                   {product} {ergonomic}
   size_t MaxHeapSize                              = 4265607168                                {product} {ergonomic}
   size_t MinHeapDeltaBytes                        = 1048576                                   {product} {ergonomic}
    uintx NonNMethodCodeHeapSize                   = 5830732                                {pd product} {ergonomic}
    uintx NonProfiledCodeHeapSize                  = 122913754                              {pd product} {ergonomic}
    uintx ProfiledCodeHeapSize                     = 122913754                              {pd product} {ergonomic}
    uintx ReservedCodeCacheSize                    = 251658240                              {pd product} {ergonomic}
     bool SegmentedCodeCache                       = true                                      {product} {ergonomic}
     bool UseCompressedClassPointers               = true                                 {lp64_product} {ergonomic}
     bool UseCompressedOops                        = true                                 {lp64_product} {ergonomic}
     bool UseG1GC                                  = true                                      {product} {ergonomic}
     bool UseLargePagesIndividualAllocation        = false                                  {pd product} {ergonomic}

Logging:
Log output configuration:
 #0: stdout all=warning uptime,level,tags
 #1: stderr all=off uptime,level,tags

Environment Variables:
PATH=C:\Python310\Scripts\;C:\Python310\;C:\WINDOWS\system32;C:\WINDOWS;C:\WINDOWS\System32\Wbem;C:\WINDOWS\System32\WindowsPowerShell\v1.0\;C:\WINDOWS\System32\OpenSSH\;C:\ProgramData\chocolatey\bin;C:\Program Files\Git\cmd;C:\Users\alanb\AppData\Local\Microsoft\WindowsApps;C:\Users\alanb\AppData\Local\GitHubDesktop\bin
USERNAME=alanb
OS=Windows_NT
PROCESSOR_IDENTIFIER=Intel64 Family 6 Model 58 Stepping 9, GenuineIntel



---------------  S Y S T E M  ---------------

OS: Windows 10 , 64 bit Build 19041 (10.0.19041.1645)
OS uptime: 2 days 19:48 hours

CPU:total 4 (initial active 4) (2 cores per cpu, 2 threads per core) family 6 model 58 stepping 9 microcode 0x21, cmov, cx8, fxsr, mmx, sse, sse2, sse3, ssse3, sse4.1, sse4.2, popcnt, avx, aes, clmul, erms, ht, tsc, tscinvbit, tscinv

Memory: 4k page, system-wide physical 16271M (8544M free)
TotalPageFile size 22535M (AvailPageFile size 146M)
current process WorkingSet (physical memory assigned to process): 10M, peak: 10M
current process commit charge ("private bytes"): 52M, peak: 307M

vm_info: OpenJDK 64-Bit Server VM (11.0.11+9-b60-7590822) for windows-amd64 JRE (11.0.11+9-b60-7590822), built on Jul 29 2021 21:43:44 by "builder" with MS VC++ 14.0 (VS2015)

END.
